0 info it worked if it ends with ok
1 verbose cli [ '/Users/ra/.nvm/v5.1.0/bin/node',
1 verbose cli   '/Users/ra/.nvm/v5.1.0/bin/npm',
1 verbose cli   'run',
1 verbose cli   'test-e2e' ]
2 info using npm@3.3.12
3 info using node@v5.1.0
4 verbose run-script [ 'pretest-e2e', 'test-e2e', 'posttest-e2e' ]
5 info lifecycle node-microservice-skeleton@1.0.0~pretest-e2e: node-microservice-skeleton@1.0.0
6 silly lifecycle node-microservice-skeleton@1.0.0~pretest-e2e: no script for pretest-e2e, continuing
7 info lifecycle node-microservice-skeleton@1.0.0~test-e2e: node-microservice-skeleton@1.0.0
8 verbose lifecycle node-microservice-skeleton@1.0.0~test-e2e: unsafe-perm in lifecycle true
9 verbose lifecycle node-microservice-skeleton@1.0.0~test-e2e: PATH: /Users/ra/.nvm/v5.1.0/lib/node_modules/npm/bin/node-gyp-bin:/Users/ra/Workspace/vizzuality/microservice-node-skeleton/node_modules/.bin:/Users/ra/.nvm/v5.1.0/bin:/opt/local/bin:/opt/local/sbin:/usr/local/bin:/Users/ra/.rvm/gems/ruby-2.2.1/bin:/Users/ra/.rvm/gems/ruby-2.2.1@global/bin:/Users/ra/.rvm/rubies/ruby-2.2.1/bin:/usr/local/git/bin:/Users/ra/Documents/programas/apache-ant-1.9.4/bin:/Users/ra/Documents/programas/android/sdk/platform-tools:/Users/ra/Documents/programas/android/sdk/tools:/usr/local/bin:/usr/bin:/bin:/usr/sbin:/sbin:/usr/local/git/bin:/usr/local/go/bin:/usr/local/MacGPG2/bin:/Users/ra/.rvm/bin:/Users/ra/Workspace/go:/Users/ra/.rvm/bin
10 verbose lifecycle node-microservice-skeleton@1.0.0~test-e2e: CWD: /Users/ra/Workspace/vizzuality/microservice-node-skeleton
11 silly lifecycle node-microservice-skeleton@1.0.0~test-e2e: Args: [ '-c', 'NODE_PATH=src NODE_ENV=test grunt e2eTest' ]
12 silly lifecycle node-microservice-skeleton@1.0.0~test-e2e: Returned: code: 3  signal: null
13 info lifecycle node-microservice-skeleton@1.0.0~test-e2e: Failed to exec test-e2e script
14 verbose stack Error: node-microservice-skeleton@1.0.0 test-e2e: `NODE_PATH=src NODE_ENV=test grunt e2eTest`
14 verbose stack Exit status 3
14 verbose stack     at EventEmitter.<anonymous> (/Users/ra/.nvm/v5.1.0/lib/node_modules/npm/lib/utils/lifecycle.js:232:16)
14 verbose stack     at emitTwo (events.js:87:13)
14 verbose stack     at EventEmitter.emit (events.js:172:7)
14 verbose stack     at ChildProcess.<anonymous> (/Users/ra/.nvm/v5.1.0/lib/node_modules/npm/lib/utils/spawn.js:24:14)
14 verbose stack     at emitTwo (events.js:87:13)
14 verbose stack     at ChildProcess.emit (events.js:172:7)
14 verbose stack     at maybeClose (internal/child_process.js:818:16)
14 verbose stack     at Process.ChildProcess._handle.onexit (internal/child_process.js:211:5)
15 verbose pkgid node-microservice-skeleton@1.0.0
16 verbose cwd /Users/ra/Workspace/vizzuality/microservice-node-skeleton
17 error Darwin 15.3.0
18 error argv "/Users/ra/.nvm/v5.1.0/bin/node" "/Users/ra/.nvm/v5.1.0/bin/npm" "run" "test-e2e"
19 error node v5.1.0
20 error npm  v3.3.12
21 error code ELIFECYCLE
22 error node-microservice-skeleton@1.0.0 test-e2e: `NODE_PATH=src NODE_ENV=test grunt e2eTest`
22 error Exit status 3
23 error Failed at the node-microservice-skeleton@1.0.0 test-e2e script 'NODE_PATH=src NODE_ENV=test grunt e2eTest'.
23 error Make sure you have the latest version of node.js and npm installed.
23 error If you do, this is most likely a problem with the node-microservice-skeleton package,
23 error not with npm itself.
23 error Tell the author that this fails on your system:
23 error     NODE_PATH=src NODE_ENV=test grunt e2eTest
23 error You can get their info via:
23 error     npm owner ls node-microservice-skeleton
23 error There is likely additional logging output above.
24 verbose exit [ 1, true ]
